Build started 24/10/2015 14:06:52.
     1>Project "C:\Users\XxX_DEATH_LORD_1337\Documents\Advanced Global Illumination and Rendering\Project\TNCG15\agir\agir\agir.vcxproj" on node 2 (Build target(s)).
     1>ClCompile:
         C:\Program Files (x86)\Microsoft Visual Studio 12.0\VC\bin\CL.exe /c /I"C:\Users\XxX_DEATH_LORD_1337\Documents\Advanced Global Illumination and Rendering\Project\TNCG15\glm-0.9.7.1\glm\glm" /ZI /nologo /W3 /WX- /sdl /Od /Oy- /D _MBCS /Gm /EHsc /RTC1 /MDd /GS /fp:precise /Zc:wchar_t /Zc:forScope /Fo"Debug\\" /Fd"Debug\vc120.pdb" /Gd /TP /analyze- /errorReport:prompt Camera.cpp
         Camera.cpp
     1>c:\users\xxx_death_lord_1337\documents\advanced global illumination and rendering\project\tncg15\agir\agir\object3d.h(10): warning C4305: 'initializing' : truncation from 'double' to 'const float'
     1>c:\users\xxx_death_lord_1337\documents\advanced global illumination and rendering\project\tncg15\agir\agir\camera.cpp(107): warning C4018: '<' : signed/unsigned mismatch
     1>c:\users\xxx_death_lord_1337\documents\advanced global illumination and rendering\project\tncg15\agir\agir\camera.cpp(125): warning C4018: '<' : signed/unsigned mismatch
     1>c:\users\xxx_death_lord_1337\documents\advanced global illumination and rendering\project\tncg15\agir\agir\camera.cpp(103): warning C4101: 'localIllumination' : unreferenced local variable
       Link:
         C:\Program Files (x86)\Microsoft Visual Studio 12.0\VC\bin\link.exe /ERRORREPORT:PROMPT /OUT:"C:\Users\XxX_DEATH_LORD_1337\Documents\Advanced Global Illumination and Rendering\Project\TNCG15\agir\Debug\agir.exe" /INCREMENTAL /NOLOGO kernel32.lib user32.lib gdi32.lib winspool.lib comdlg32.lib advapi32.lib shell32.lib ole32.lib oleaut32.lib uuid.lib odbc32.lib odbccp32.lib /MANIFEST /MANIFESTUAC:"level='asInvoker' uiAccess='false'" /manifest:embed /DEBUG /PDB:"C:\Users\XxX_DEATH_LORD_1337\Documents\Advanced Global Illumination and Rendering\Project\TNCG15\agir\Debug\agir.pdb" /TLBID:1 /DYNAMICBASE /NXCOMPAT /IMPLIB:"C:\Users\XxX_DEATH_LORD_1337\Documents\Advanced Global Illumination and Rendering\Project\TNCG15\agir\Debug\agir.lib" /MACHINE:X86 Debug\BoundingBox.obj
         Debug\Box3D.obj
         Debug\Camera.obj
         Debug\Image.obj
         Debug\Light.obj
         Debug\main.obj
         Debug\Object3D.obj
         Debug\Plane3D.obj
         Debug\Ray.obj
         Debug\Sphere3D.obj
         Debug\World.obj
         agir.vcxproj -> C:\Users\XxX_DEATH_LORD_1337\Documents\Advanced Global Illumination and Rendering\Project\TNCG15\agir\Debug\agir.exe
     1>Done Building Project "C:\Users\XxX_DEATH_LORD_1337\Documents\Advanced Global Illumination and Rendering\Project\TNCG15\agir\agir\agir.vcxproj" (Build target(s)).

Build succeeded.

Time Elapsed 00:00:03.57
